c:\users\songi\onedrive\바탕 화면\mfcdrawing\mfcdrawing\x64\debug\mfcdrawing.pch
c:\users\songi\onedrive\바탕 화면\mfcdrawing\mfcdrawing\x64\debug\vc143.pdb
c:\users\songi\onedrive\바탕 화면\mfcdrawing\mfcdrawing\x64\debug\vc143.idb
c:\users\songi\onedrive\바탕 화면\mfcdrawing\mfcdrawing\x64\debug\pch.obj
c:\users\songi\onedrive\바탕 화면\mfcdrawing\mfcdrawing\x64\debug\mfcdrawingview.obj
c:\users\songi\onedrive\바탕 화면\mfcdrawing\mfcdrawing\x64\debug\mfcdrawing.obj
c:\users\songi\onedrive\바탕 화면\mfcdrawing\mfcdrawing\x64\debug\mainfrm.obj
c:\users\songi\onedrive\바탕 화면\mfcdrawing\mfcdrawing\x64\debug\mfcdrawingdoc.obj
c:\users\songi\onedrive\바탕 화면\mfcdrawing\x64\debug\mfcdrawing.exe
c:\users\songi\onedrive\바탕 화면\mfcdrawing\mfcdrawing\x64\debug\mfcdrawing.ilk
c:\users\songi\onedrive\바탕 화면\mfcdrawing\x64\debug\mfcdrawing.pdb
c:\users\songi\onedrive\바탕 화면\mfcdrawing\mfcdrawing\x64\debug\mfcdrawing.res
c:\users\songi\onedrive\바탕 화면\mfcdrawing\mfcdrawing\x64\debug\mfcdrawing.tlog\cl.command.1.tlog
c:\users\songi\onedrive\바탕 화면\mfcdrawing\mfcdrawing\x64\debug\mfcdrawing.tlog\cl.read.1.tlog
c:\users\songi\onedrive\바탕 화면\mfcdrawing\mfcdrawing\x64\debug\mfcdrawing.tlog\cl.write.1.tlog
c:\users\songi\onedrive\바탕 화면\mfcdrawing\mfcdrawing\x64\debug\mfcdrawing.tlog\link.command.1.tlog
c:\users\songi\onedrive\바탕 화면\mfcdrawing\mfcdrawing\x64\debug\mfcdrawing.tlog\link.read.1.tlog
c:\users\songi\onedrive\바탕 화면\mfcdrawing\mfcdrawing\x64\debug\mfcdrawing.tlog\link.write.1.tlog
c:\users\songi\onedrive\바탕 화면\mfcdrawing\mfcdrawing\x64\debug\mfcdrawing.tlog\rc.command.1.tlog
c:\users\songi\onedrive\바탕 화면\mfcdrawing\mfcdrawing\x64\debug\mfcdrawing.tlog\rc.read.1.tlog
c:\users\songi\onedrive\바탕 화면\mfcdrawing\mfcdrawing\x64\debug\mfcdrawing.tlog\rc.write.1.tlog
